d:\vs2022\vs存储\对象的初始化和清理\对象的初始化和清理\x64\debug\vc143.pdb
d:\vs2022\vs存储\对象的初始化和清理\对象的初始化和清理\x64\debug\vc143.idb
d:\vs2022\vs存储\对象的初始化和清理\对象的初始化和清理\x64\debug\构造函数和析构函数.obj
d:\vs2022\vs存储\对象的初始化和清理\对象的初始化和清理\x64\debug\构造函数的分类和调用.obj
d:\vs2022\vs存储\对象的初始化和清理\对象的初始化和清理\x64\debug\拷贝构造函数的调用时机.obj
d:\vs2022\vs存储\对象的初始化和清理\对象的初始化和清理\x64\debug\构造函数调用规则.obj
d:\vs2022\vs存储\对象的初始化和清理\对象的初始化和清理\x64\debug\深拷贝和浅拷贝.obj
d:\vs2022\vs存储\对象的初始化和清理\对象的初始化和清理\x64\debug\类成员作为类对象.obj
d:\vs2022\vs存储\对象的初始化和清理\对象的初始化和清理\x64\debug\静态成员变量.obj
d:\vs2022\vs存储\对象的初始化和清理\对象的初始化和清理\x64\debug\静态成员函数.obj
d:\vs2022\vs存储\对象的初始化和清理\x64\debug\对象的初始化和清理.exe
d:\vs2022\vs存储\对象的初始化和清理\对象的初始化和清理\x64\debug\对象的初始化和清理.ilk
d:\vs2022\vs存储\对象的初始化和清理\x64\debug\对象的初始化和清理.pdb
d:\vs2022\vs存储\对象的初始化和清理\对象的初始化和清理\x64\debug\深拷贝和浅拷贝.obj.enc
d:\vs2022\vs存储\对象的初始化和清理\对象的初始化和清理\x64\debug\对象的初始化和清理.tlog\cl.command.1.tlog
d:\vs2022\vs存储\对象的初始化和清理\对象的初始化和清理\x64\debug\对象的初始化和清理.tlog\cl.read.1.tlog
d:\vs2022\vs存储\对象的初始化和清理\对象的初始化和清理\x64\debug\对象的初始化和清理.tlog\cl.write.1.tlog
d:\vs2022\vs存储\对象的初始化和清理\对象的初始化和清理\x64\debug\对象的初始化和清理.tlog\link.command.1.tlog
d:\vs2022\vs存储\对象的初始化和清理\对象的初始化和清理\x64\debug\对象的初始化和清理.tlog\link.read.1.tlog
d:\vs2022\vs存储\对象的初始化和清理\对象的初始化和清理\x64\debug\对象的初始化和清理.tlog\link.write.1.tlog
